app/build/outputs/apk/manifest-merger-debug-report.txt
-- Merging decision tree log ---
manifest
ADDED from AndroidManifest.xml:2:1
	package
		ADDED from AndroidManifest.xml:3:5
		INJECTED from AndroidManifest.xml:0:0
		INJECTED from AndroidManifest.xml:0:0
	android:versionName
		ADDED from AndroidManifest.xml:5:5
	android:versionCode
		ADDED from AndroidManifest.xml:4:5
		INJECTED from AndroidManifest.xml:0:0
		INJECTED from AndroidManifest.xml:0:0
	xmlns:android
		ADDED from AndroidManifest.xml:2:11
uses-sdk
ADDED from AndroidManifest.xml:14:5
	android:targetSdkVersion
		ADDED from AndroidManifest.xml:14:41
		INJECTED from AndroidManifest.xml:0:0
		INJECTED from AndroidManifest.xml:0:0
	android:minSdkVersion
		ADDED from AndroidManifest.xml:14:15
		INJECTED from AndroidManifest.xml:0:0
		INJECTED from AndroidManifest.xml:0:0
uses-feature#0x00020000
ADDED from AndroidManifest.xml:16:5
	android:glEsVersion
		ADDED from AndroidManifest.xml:16:19
uses-feature#android.hardware.camera
ADDED from AndroidManifest.xml:32:5
	android:name
		ADDED from AndroidManifest.xml:32:19
uses-permission#android.permission.CAMERA
ADDED from AndroidManifest.xml:37:5
	android:name
		ADDED from AndroidManifest.xml:37:22
uses-permission#android.permission.INTERNET
ADDED from AndroidManifest.xml:42:5
	android:name
		ADDED from AndroidManifest.xml:42:22
uses-permission#android.permission.ACCESS_NETWORK_STATE
ADDED from AndroidManifest.xml:48:5
	android:name
		ADDED from AndroidManifest.xml:48:22
uses-permission#android.permission.WRITE_EXTERNAL_STORAGE
ADDED from AndroidManifest.xml:50:5
	android:name
		ADDED from AndroidManifest.xml:50:22
uses-permission#android.permission.READ_EXTERNAL_STORAGE
ADDED from AndroidManifest.xml:51:5
	android:name
		ADDED from AndroidManifest.xml:51:22
application
ADDED from AndroidManifest.xml:63:5
	android:label
		ADDED from AndroidManifest.xml:65:9
	android:launchMode
		ADDED from AndroidManifest.xml:67:9
	android:allowBackup
		ADDED from AndroidManifest.xml:68:9
	android:icon
		ADDED from AndroidManifest.xml:64:9
	android:description
		ADDED from AndroidManifest.xml:66:9
	android:theme
		ADDED from AndroidManifest.xml:69:9
activity#com.qualcomm.vuforia.samples.VuforiaSamples.ui.ActivityList.ActivitySplashScreen
ADDED from AndroidManifest.xml:88:10
	android:screenOrientation
		ADDED from AndroidManifest.xml:91:13
	android:noHistory
		ADDED from AndroidManifest.xml:92:13
	android:configChanges
		ADDED from AndroidManifest.xml:90:13
	android:name
		ADDED from AndroidManifest.xml:89:13
intent-filter#android.intent.action.MAIN+android.intent.category.LAUNCHER
ADDED from AndroidManifest.xml:94:13
action#android.intent.action.MAIN
ADDED from AndroidManifest.xml:95:17
	android:name
		ADDED from AndroidManifest.xml:95:25
category#android.intent.category.LAUNCHER
ADDED from AndroidManifest.xml:97:17
	android:name
		ADDED from AndroidManifest.xml:97:27
activity#com.qualcomm.vuforia.samples.VuforiaSamples.ui.ActivityList.ActivityLauncher
ADDED from AndroidManifest.xml:101:9
	android:screenOrientation
		ADDED from AndroidManifest.xml:104:13
	android:configChanges
		ADDED from AndroidManifest.xml:103:13
	android:name
		ADDED from AndroidManifest.xml:102:13
activity#com.qualcomm.vuforia.samples.VuforiaSamples.ui.ActivityList.AboutScreen
ADDED from AndroidManifest.xml:108:10
	android:screenOrientation
		ADDED from AndroidManifest.xml:111:13
	android:noHistory
		ADDED from AndroidManifest.xml:112:13
	android:configChanges
		ADDED from AndroidManifest.xml:110:13
	android:name
		ADDED from AndroidManifest.xml:109:13
activity#com.qualcomm.vuforia.samples.VuforiaSamples.app.ImageTargets.ImageTargets
ADDED from AndroidManifest.xml:116:9
	android:launchMode
		ADDED from AndroidManifest.xml:120:11
	android:configChanges
		ADDED from AndroidManifest.xml:118:13
	android:theme
		ADDED from AndroidManifest.xml:119:10
	android:name
		ADDED from AndroidManifest.xml:117:13
activity#com.qualcomm.vuforia.samples.VuforiaSamples.app.TextRecognition.TextReco
ADDED from AndroidManifest.xml:124:9
	android:launchMode
		ADDED from AndroidManifest.xml:128:12
	android:configChanges
		ADDED from AndroidManifest.xml:126:13
	android:theme
		ADDED from AndroidManifest.xml:127:10
	android:name
		ADDED from AndroidManifest.xml:125:13
activity#com.qualcomm.vuforia.samples.VuforiaSamples.app.CylinderTargets.CylinderTargets
ADDED from AndroidManifest.xml:132:9
	android:launchMode
		ADDED from AndroidManifest.xml:136:11
	android:configChanges
		ADDED from AndroidManifest.xml:134:13
	android:theme
		ADDED from AndroidManifest.xml:135:10
	android:name
		ADDED from AndroidManifest.xml:133:13
activity#com.qualcomm.vuforia.samples.VuforiaSamples.app.FrameMarkers.FrameMarkers
ADDED from AndroidManifest.xml:140:9
	android:launchMode
		ADDED from AndroidManifest.xml:144:11
	android:configChanges
		ADDED from AndroidManifest.xml:142:13
	android:theme
		ADDED from AndroidManifest.xml:143:10
	android:name
		ADDED from AndroidManifest.xml:141:13
activity#com.qualcomm.vuforia.samples.VuforiaSamples.app.VirtualButtons.VirtualButtons
ADDED from AndroidManifest.xml:148:9
	android:launchMode
		ADDED from AndroidManifest.xml:152:11
	android:configChanges
		ADDED from AndroidManifest.xml:150:13
	android:theme
		ADDED from AndroidManifest.xml:151:10
	android:name
		ADDED from AndroidManifest.xml:149:13
activity#com.qualcomm.vuforia.samples.VuforiaSamples.app.UserDefinedTargets.UserDefinedTargets
ADDED from AndroidManifest.xml:156:9
	android:launchMode
		ADDED from AndroidManifest.xml:160:11
	android:configChanges
		ADDED from AndroidManifest.xml:158:13
	android:theme
		ADDED from AndroidManifest.xml:159:10
	android:name
		ADDED from AndroidManifest.xml:157:13
activity#com.qualcomm.vuforia.samples.VuforiaSamples.app.MultiTargets.MultiTargets
ADDED from AndroidManifest.xml:164:9
	android:launchMode
		ADDED from AndroidManifest.xml:168:11
	android:configChanges
		ADDED from AndroidManifest.xml:166:13
	android:theme
		ADDED from AndroidManifest.xml:167:10
	android:name
		ADDED from AndroidManifest.xml:165:13
activity#com.qualcomm.vuforia.samples.VuforiaSamples.app.CloudRecognition.CloudReco
ADDED from AndroidManifest.xml:172:9
	android:launchMode
		ADDED from AndroidManifest.xml:176:11
	android:configChanges
		ADDED from AndroidManifest.xml:174:13
	android:theme
		ADDED from AndroidManifest.xml:175:10
	android:name
		ADDED from AndroidManifest.xml:173:13
activity#com.qualcomm.vuforia.samples.VuforiaSamples.app.ObjectRecognition.ObjectTargets
ADDED from AndroidManifest.xml:180:9
	android:launchMode
		ADDED from AndroidManifest.xml:184:11
	android:configChanges
		ADDED from AndroidManifest.xml:182:13
	android:theme
		ADDED from AndroidManifest.xml:183:10
	android:name
		ADDED from AndroidManifest.xml:181:13